#
# There is insufficient memory for the Java Runtime Environment to continue.
# Native memory allocation (malloc) failed to allocate 1661136 bytes for Chunk::new
# Possible reasons:
#   The system is out of physical RAM or swap space
#   The process is running with CompressedOops enabled, and the Java Heap may be blocking the growth of the native heap
# Possible solutions:
#   Reduce memory load on the system
#   Increase physical memory or swap space
#   Check if swap backing store is full
#   Decrease Java heap size (-Xmx/-Xms)
#   Decrease number of Java threads
#   Decrease Java thread stack sizes (-Xss)
#   Set larger code cache with -XX:ReservedCodeCacheSize=
#   JVM is running with Unscaled Compressed Oops mode in which the Java heap is
#     placed in the first 4GB address space. The Java Heap base address is the
#     maximum limit for the native heap growth. Please use -XX:HeapBaseMinAddress
#     to set the Java Heap base and to place the Java Heap above 4GB virtual address.
# This output file may be truncated or incomplete.
#
#  Out of Memory Error (arena.cpp:184), pid=2256, tid=15164
#
# JRE version: Java(TM) SE Runtime Environment (18.0.1.1+2) (build 18.0.1.1+2-6)
# Java VM: Java HotSpot(TM) 64-Bit Server VM (18.0.1.1+2-6, mixed mode, sharing, tiered, compressed oops, compressed class ptrs, g1 gc, windows-amd64)
# No core dump will be written. Minidumps are not enabled by default on client versions of Windows
#

---------------  S U M M A R Y ------------

Command Line: -Dclassworlds.conf=C:\Program Files\apache-maven-3.8.5\bin\m2.conf -Dmaven.home=C:\Program Files\apache-maven-3.8.5 -Dlibrary.jansi.path=C:\Program Files\apache-maven-3.8.5\lib\jansi-native -Dmaven.multiModuleProjectDirectory=D:\Springboot\MovieApp org.codehaus.plexus.classworlds.launcher.Launcher clean install

Host: Intel(R) Core(TM) i5-9300H CPU @ 2.40GHz, 8 cores, 7G,  Windows 10 , 64 bit Build 19041 (10.0.19041.2913)
Time: Wed Jun 14 06:49:47 2023 India Standard Time elapsed time: 11.218151 seconds (0d 0h 0m 11s)

---------------  T H R E A D  ---------------

Current thread (0x000001e8bf5d5e00):  JavaThread "C2 CompilerThread1" daemon [_thread_in_native, id=15164, stack(0x0000007420900000,0x0000007420a00000)]


Current CompileTask:
C2:  11218 5942   !   4       com.sun.tools.javac.code.Symbol$ClassSymbol::complete (52 bytes)

Stack: [0x0000007420900000,0x0000007420a00000]
Native frames: (J=compiled Java code, j=interpreted, Vv=VM code, C=native code)
V  [jvm.dll+0x69887a]
V  [jvm.dll+0x7f38bd]
V  [jvm.dll+0x7f51ce]
V  [jvm.dll+0x7f5883]
V  [jvm.dll+0x25ca3f]
V  [jvm.dll+0xb8c2f]
V  [jvm.dll+0xb8fa5]
V  [jvm.dll+0x385a31]
V  [jvm.dll+0x1d27c2]
V  [jvm.dll+0x22fd79]
V  [jvm.dll+0x22eff1]
V  [jvm.dll+0x1b9cfc]
V  [jvm.dll+0x23e8ca]
V  [jvm.dll+0x23cbb5]
V  [jvm.dll+0x7a5fb1]
V  [jvm.dll+0x7a03ea]
V  [jvm.dll+0x697725]
C  [ucrtbase.dll+0x21bb2]
C  [KERNEL32.DLL+0x17614]
C  [ntdll.dll+0x526a1]


---------------  P R O C E S S  ---------------

Threads class SMR info:
_java_thread_list=0x000001e8c5011480, length=13, elements={
0x000001e89f513e30, 0x000001e8bf5aee50, 0x000001e8bf5b1260, 0x000001e8bf5c8290,
0x000001e8bf5cb860, 0x000001e8bf5cc5b0, 0x000001e8bf5cd440, 0x000001e8bf5ce740,
0x000001e8bf5d4ed0, 0x000001e8bf5e43d0, 0x000001e8c3895020, 0x000001e8c38b8950,
0x000001e8bf5d5e00
}

Java Threads: ( => current thread )
  0x000001e89f513e30 JavaThread "main" [_thread_in_Java, id=14356, stack(0x000000741f500000,0x000000741f600000)]
  0x000001e8bf5aee50 JavaThread "Reference Handler" daemon [_thread_blocked, id=2500, stack(0x000000741fc00000,0x000000741fd00000)]
  0x000001e8bf5b1260 JavaThread "Finalizer" daemon [_thread_blocked, id=10584, stack(0x000000741fd00000,0x000000741fe00000)]
  0x000001e8bf5c8290 JavaThread "Signal Dispatcher" daemon [_thread_blocked, id=8100, stack(0x000000741fe00000,0x000000741ff00000)]
  0x000001e8bf5cb860 JavaThread "Attach Listener" daemon [_thread_blocked, id=14184, stack(0x000000741ff00000,0x0000007420000000)]
  0x000001e8bf5cc5b0 JavaThread "Service Thread" daemon [_thread_blocked, id=14232, stack(0x0000007420000000,0x0000007420100000)]
  0x000001e8bf5cd440 JavaThread "Monitor Deflation Thread" daemon [_thread_blocked, id=15772, stack(0x0000007420100000,0x0000007420200000)]
  0x000001e8bf5ce740 JavaThread "C2 CompilerThread0" daemon [_thread_in_native, id=6072, stack(0x0000007420200000,0x0000007420300000)]
  0x000001e8bf5d4ed0 JavaThread "C1 CompilerThread0" daemon [_thread_in_vm, id=16160, stack(0x0000007420300000,0x0000007420400000)]
  0x000001e8bf5e43d0 JavaThread "Sweeper thread" daemon [_thread_blocked, id=1700, stack(0x0000007420400000,0x0000007420500000)]
  0x000001e8c3895020 JavaThread "Notification Thread" daemon [_thread_blocked, id=17888, stack(0x0000007420500000,0x0000007420600000)]
  0x000001e8c38b8950 JavaThread "Common-Cleaner" daemon [_thread_blocked, id=2004, stack(0x0000007420700000,0x0000007420800000)]
=>0x000001e8bf5d5e00 JavaThread "C2 CompilerThread1" daemon [_thread_in_native, id=15164, stack(0x0000007420900000,0x0000007420a00000)]

Other Threads:
  0x000001e89f58cc40 VMThread "VM Thread" [stack: 0x000000741fb00000,0x000000741fc00000] [id=18132]
  0x000001e8c38b8530 WatcherThread "VM Periodic Task Thread" [stack: 0x0000007420600000,0x0000007420700000] [id=14020]
  0x000001e89f572da0 WorkerThread "GC Thread#0" [stack: 0x000000741f600000,0x000000741f700000] [id=15052]
  0x000001e8c3facb50 WorkerThread "GC Thread#1" [stack: 0x0000007420a00000,0x0000007420b00000] [id=16552]
  0x000001e8c3fac8b0 WorkerThread "GC Thread#2" [stack: 0x0000007420b00000,0x0000007420c00000] [id=13804]
  0x000001e8c3fab110 WorkerThread "GC Thread#3" [stack: 0x0000007420c00000,0x0000007420d00000] [id=16268]
  0x000001e8c3facdf0 WorkerThread "GC Thread#4" [stack: 0x0000007420d00000,0x0000007420e00000] [id=1000]
  0x000001e8c3fac610 WorkerThread "GC Thread#5" [stack: 0x0000007420e00000,0x0000007420f00000] [id=14808]
  0x000001e8c3fabe30 WorkerThread "GC Thread#6" [stack: 0x0000007420f00000,0x0000007421000000] [id=15456]
  0x000001e8c3fac370 WorkerThread "GC Thread#7" [stack: 0x0000007421000000,0x0000007421100000] [id=13920]
  0x000001e89f5857f0 ConcurrentGCThread "G1 Main Marker" [stack: 0x000000741f700000,0x000000741f800000] [id=16788]
  0x000001e89f586980 WorkerThread "G1 Conc#0" [stack: 0x000000741f800000,0x000000741f900000] [id=2492]
  0x000001e8c3fab8f0 WorkerThread "G1 Conc#1" [stack: 0x0000007420800000,0x0000007420900000] [id=13096]
  0x000001e89f5d62d0 ConcurrentGCThread "G1 Refine#0" [stack: 0x000000741f900000,0x000000741fa00000] [id=11288]
  0x000001e89f5d6be0 ConcurrentGCThread "G1 Service" [stack: 0x000000741fa00000,0x000000741fb00000] [id=17500]

Threads with active compile tasks:
C2 CompilerThread0    11280 5870       4       lombok.core.AST::buildWithField (21 bytes)
C1 CompilerThread0    11280 6402       2       com.sun.tools.javac.code.Symbol::externalType (81 bytes)
C2 CompilerThread1    11280 5942   !   4       com.sun.tools.javac.code.Symbol$ClassSymbol::complete (52 bytes)

VM state: not at safepoint (normal execution)

VM Mutex/Monitor currently owned by a thread: None

Heap address: 0x0000000082800000, size: 2008 MB, Compressed Oops mode: 32-bit

CDS archive(s) mapped at: [0x0000000800000000-0x0000000800ba0000-0x0000000800ba0000), size 12189696, SharedBaseAddress: 0x0000000800000000, ArchiveRelocationMode: 0.
Compressed class space mapped at: 0x0000000800c00000-0x0000000840c00000, reserved size: 1073741824
Narrow klass base: 0x0000000800000000, Narrow klass shift: 0, Narrow klass range: 0x100000000

GC Precious Log:
 CardTable entry size: 512
 Card Set container configuration: InlinePtr #cards 5 size 8 Array Of Cards #cards 12 size 40 Howl #buckets 4 coarsen threshold 1843 Howl Bitmap #cards 512 size 80 coarsen threshold 460 Card regions per heap region 1 cards per card region 2048
 CPUs: 8 total, 8 available
 Memory: 8029M
 Large Page Support: Disabled
 NUMA Support: Disabled
 Compressed Oops: Enabled (32-bit)
 Heap Region Size: 1M
 Heap Min Capacity: 8M
 Heap Initial Capacity: 126M
 Heap Max Capacity: 2008M
 Pre-touch: Disabled
 Parallel Workers: 8
 Concurrent Workers: 2
 Concurrent Refinement Workers: 8
 Periodic GC: Disabled

Heap:
 garbage-first heap   total 149504K, used 87552K [0x0000000082800000, 0x0000000100000000)
  region size 1024K, 53 young (54272K), 3 survivors (3072K)
 Metaspace       used 26909K, committed 27328K, reserved 1114112K
  class space    used 2951K, committed 3136K, reserved 1048576K

Heap Regions: E=young(eden), S=young(survivor), O=old, HS=humongous(starts), HC=humongous(continues), CS=collection set, F=free, OA=open archive, CA=closed archive, TAMS=top-at-mark-start (previous, next)
|   0|0x0000000082800000, 0x0000000082900000, 0x0000000082900000|100%| O|  |TAMS 0x0000000082900000, 0x0000000082900000| Untracked 
|   1|0x0000000082900000, 0x0000000082a00000, 0x0000000082a00000|100%| O|  |TAMS 0x0000000082a00000, 0x0000000082a00000| Untracked 
|   2|0x0000000082a00000, 0x0000000082b00000, 0x0000000082b00000|100%| O|  |TAMS 0x0000000082b00000, 0x0000000082b00000| Untracked 
|   3|0x0000000082b00000, 0x0000000082c00000, 0x0000000082c00000|100%| O|  |TAMS 0x0000000082b87200, 0x0000000082c00000| Untracked 
|   4|0x0000000082c00000, 0x0000000082d00000, 0x0000000082d00000|100%|HS|  |TAMS 0x0000000082c00000, 0x0000000082d00000| Complete 
|   5|0x0000000082d00000, 0x0000000082e00000, 0x0000000082e00000|100%| O|  |TAMS 0x0000000082d00000, 0x0000000082e00000| Untracked 
|   6|0x0000000082e00000, 0x0000000082f00000, 0x0000000082f00000|100%| O|  |TAMS 0x0000000082e00000, 0x0000000082f00000| Untracked 
|   7|0x0000000082f00000, 0x0000000083000000, 0x0000000083000000|100%| O|  |TAMS 0x0000000082f00000, 0x0000000083000000| Untracked 
|   8|0x0000000083000000, 0x0000000083100000, 0x0000000083100000|100%| O|  |TAMS 0x0000000083000000, 0x0000000083100000| Untracked 
|   9|0x0000000083100000, 0x0000000083200000, 0x0000000083200000|100%| O|  |TAMS 0x0000000083100000, 0x0000000083200000| Untracked 
|  10|0x0000000083200000, 0x0000000083300000, 0x0000000083300000|100%| O|  |TAMS 0x0000000083200000, 0x0000000083300000| Untracked 
|  11|0x0000000083300000, 0x0000000083400000, 0x0000000083400000|100%| O|  |TAMS 0x0000000083300000, 0x0000000083400000| Untracked 
|  12|0x0000000083400000, 0x0000000083500000, 0x0000000083500000|100%| O|  |TAMS 0x0000000083400000, 0x0000000083500000| Untracked 
|  13|0x0000000083500000, 0x0000000083580000, 0x0000000083600000| 50%| O|  |TAMS 0x0000000083500000, 0x0000000083500000| Untracked 
|  14|0x0000000083600000, 0x0000000083700000, 0x0000000083700000|100%|HS|  |TAMS 0x0000000083600000, 0x0000000083700000| Complete 
|  15|0x0000000083700000, 0x0000000083800000, 0x0000000083800000|100%| O|  |TAMS 0x0000000083700000, 0x0000000083800000| Untracked 
|  16|0x0000000083800000, 0x0000000083900000, 0x0000000083900000|100%| O|  |TAMS 0x0000000083800000, 0x0000000083900000| Untracked 
|  17|0x0000000083900000, 0x0000000083a00000, 0x0000000083a00000|100%| O|  |TAMS 0x0000000083900000, 0x0000000083a00000| Untracked 
|  18|0x0000000083a00000, 0x0000000083b00000, 0x0000000083b00000|100%| O|  |TAMS 0x0000000083a00000, 0x0000000083b00000| Untracked 
|  19|0x0000000083b00000, 0x0000000083c00000, 0x0000000083c00000|100%| O|  |TAMS 0x0000000083b00000, 0x0000000083c00000| Untracked 
|  20|0x0000000083c00000, 0x0000000083d00000, 0x0000000083d00000|100%| O|  |TAMS 0x0000000083c00000, 0x0000000083d00000| Untracked 
|  21|0x0000000083d00000, 0x0000000083e00000, 0x0000000083e00000|100%| O|  |TAMS 0x0000000083d00000, 0x0000000083e00000| Untracked 
|  22|0x0000000083e00000, 0x0000000083f00000, 0x0000000083f00000|100%|HS|  |TAMS 0x0000000083e00000, 0x0000000083e00000| Complete 
|  23|0x0000000083f00000, 0x0000000083f00000, 0x0000000084000000|  0%| F|  |TAMS 0x0000000083f00000, 0x0000000083f00000| Untracked 
|  24|0x0000000084000000, 0x0000000084000000, 0x0000000084100000|  0%| F|  |TAMS 0x0000000084000000, 0x0000000084000000| Untracked 
|  25|0x0000000084100000, 0x0000000084100000, 0x0000000084200000|  0%| F|  |TAMS 0x0000000084100000, 0x0000000084100000| Untracked 
|  26|0x0000000084200000, 0x0000000084200000, 0x0000000084300000|  0%| F|  |TAMS 0x0000000084200000, 0x0000000084200000| Untracked 
|  27|0x0000000084300000, 0x0000000084400000, 0x0000000084400000|100%| O|  |TAMS 0x0000000084300000, 0x0000000084400000| Untracked 
|  28|0x0000000084400000, 0x0000000084500000, 0x0000000084500000|100%| O|  |TAMS 0x0000000084400000, 0x0000000084500000| Untracked 
|  29|0x0000000084500000, 0x0000000084600000, 0x0000000084600000|100%| O|  |TAMS 0x0000000084500000, 0x0000000084600000| Untracked 
|  30|0x0000000084600000, 0x0000000084700000, 0x0000000084700000|100%| O|  |TAMS 0x0000000084600000, 0x0000000084700000| Untracked 
|  31|0x0000000084700000, 0x0000000084800000, 0x0000000084800000|100%| O|  |TAMS 0x0000000084700000, 0x0000000084800000| Untracked 
|  32|0x0000000084800000, 0x0000000084900000, 0x0000000084900000|100%| O|  |TAMS 0x0000000084800000, 0x0000000084900000| Untracked 
|  33|0x0000000084900000, 0x0000000084900000, 0x0000000084a00000|  0%| F|  |TAMS 0x0000000084900000, 0x0000000084900000| Untracked 
|  34|0x0000000084a00000, 0x0000000084a00000, 0x0000000084b00000|  0%| F|  |TAMS 0x0000000084a00000, 0x0000000084a00000| Untracked 
|  35|0x0000000084b00000, 0x0000000084b00000, 0x0000000084c00000|  0%| F|  |TAMS 0x0000000084b00000, 0x0000000084b00000| Untracked 
|  36|0x0000000084c00000, 0x0000000084c00000, 0x0000000084d00000|  0%| F|  |TAMS 0x0000000084c00000, 0x0000000084c00000| Untracked 
|  37|0x0000000084d00000, 0x0000000084d00000, 0x0000000084e00000|  0%| F|  |TAMS 0x0000000084d00000, 0x0000000084d00000| Untracked 
|  38|0x0000000084e00000, 0x0000000084e00000, 0x0000000084f00000|  0%| F|  |TAMS 0x0000000084e00000, 0x0000000084e00000| Untracked 
|  39|0x0000000084f00000, 0x0000000084f00000, 0x0000000085000000|  0%| F|  |TAMS 0x0000000084f00000, 0x0000000084f00000| Untracked 
|  40|0x0000000085000000, 0x0000000085000000, 0x0000000085100000|  0%| F|  |TAMS 0x0000000085000000, 0x0000000085000000| Untracked 
|  41|0x0000000085100000, 0x0000000085100000, 0x0000000085200000|  0%| F|  |TAMS 0x0000000085100000, 0x0000000085100000| Untracked 
|  42|0x0000000085200000, 0x0000000085200000, 0x0000000085300000|  0%| F|  |TAMS 0x0000000085200000, 0x0000000085200000| Untracked 
|  43|0x0000000085300000, 0x0000000085300000, 0x0000000085400000|  0%| F|  |TAMS 0x0000000085300000, 0x0000000085300000| Untracked 
|  44|0x0000000085400000, 0x0000000085400000, 0x0000000085500000|  0%| F|  |TAMS 0x0000000085400000, 0x0000000085400000| Untracked 
|  45|0x0000000085500000, 0x0000000085500000, 0x0000000085600000|  0%| F|  |TAMS 0x0000000085500000, 0x0000000085500000| Untracked 
|  46|0x0000000085600000, 0x0000000085700000, 0x0000000085700000|100%| S|CS|TAMS 0x0000000085600000, 0x0000000085600000| Complete 
|  47|0x0000000085700000, 0x0000000085800000, 0x0000000085800000|100%| S|CS|TAMS 0x0000000085700000, 0x0000000085700000| Complete 
|  48|0x0000000085800000, 0x0000000085900000, 0x0000000085900000|100%| S|CS|TAMS 0x0000000085800000, 0x0000000085800000| Complete 
|  49|0x0000000085900000, 0x0000000085900000, 0x0000000085a00000|  0%| F|  |TAMS 0x0000000085900000, 0x0000000085900000| Untracked 
|  50|0x0000000085a00000, 0x0000000085a00000, 0x0000000085b00000|  0%| F|  |TAMS 0x0000000085a00000, 0x0000000085a00000| Untracked 
|  51|0x0000000085b00000, 0x0000000085b00000, 0x0000000085c00000|  0%| F|  |TAMS 0x0000000085b00000, 0x0000000085b00000| Untracked 
|  52|0x0000000085c00000, 0x0000000085c00000, 0x0000000085d00000|  0%| F|  |TAMS 0x0000000085c00000, 0x0000000085c00000| Untracked 
|  53|0x0000000085d00000, 0x0000000085d00000, 0x0000000085e00000|  0%| F|  |TAMS 0x0000000085d00000, 0x0000000085d00000| Untracked 
|  54|0x0000000085e00000, 0x0000000085e00000, 0x0000000085f00000|  0%| F|  |TAMS 0x0000000085e00000, 0x0000000085e00000| Untracked 
|  55|0x0000000085f00000, 0x0000000085f00000, 0x0000000086000000|  0%| F|  |TAMS 0x0000000085f00000, 0x0000000085f00000| Untracked 
|  56|0x0000000086000000, 0x0000000086000000, 0x0000000086100000|  0%| F|  |TAMS 0x0000000086000000, 0x0000000086000000| Untracked 
|  57|0x0000000086100000, 0x0000000086100000, 0x0000000086200000|  0%| F|  |TAMS 0x0000000086100000, 0x0000000086100000| Untracked 
|  58|0x0000000086200000, 0x0000000086200000, 0x0000000086300000|  0%| F|  |TAMS 0x0000000086200000, 0x0000000086200000| Untracked 
|  59|0x0000000086300000, 0x0000000086300000, 0x0000000086400000|  0%| F|  |TAMS 0x0000000086300000, 0x0000000086300000| Untracked 
|  60|0x0000000086400000, 0x0000000086400000, 0x0000000086500000|  0%| F|  |TAMS 0x0000000086400000, 0x0000000086400000| Untracked 
|  61|0x0000000086500000, 0x0000000086500000, 0x0000000086600000|  0%| F|  |TAMS 0x0000000086500000, 0x0000000086500000| Untracked 
|  62|0x0000000086600000, 0x0000000086600000, 0x0000000086700000|  0%| F|  |TAMS 0x0000000086600000, 0x0000000086600000| Untracked 
|  63|0x0000000086700000, 0x0000000086700000, 0x0000000086800000|  0%| F|  |TAMS 0x0000000086700000, 0x0000000086700000| Untracked 
|  64|0x0000000086800000, 0x0000000086800000, 0x0000000086900000|  0%| F|  |TAMS 0x0000000086800000, 0x0000000086800000| Untracked 
|  65|0x0000000086900000, 0x0000000086900000, 0x0000000086a00000|  0%| F|  |TAMS 0x0000000086900000, 0x0000000086900000| Untracked 
|  66|0x0000000086a00000, 0x0000000086a00000, 0x0000000086b00000|  0%| F|  |TAMS 0x0000000086a00000, 0x0000000086a00000| Untracked 
|  67|0x0000000086b00000, 0x0000000086b00000, 0x0000000086c00000|  0%| F|  |TAMS 0x0000000086b00000, 0x0000000086b00000| Untracked 
|  68|0x0000000086c00000, 0x0000000086c00000, 0x0000000086d00000|  0%| F|  |TAMS 0x0000000086c00000, 0x0000000086c00000| Untracked 
|  69|0x0000000086d00000, 0x0000000086d00000, 0x0000000086e00000|  0%| F|  |TAMS 0x0000000086d00000, 0x0000000086d00000| Untracked 
|  70|0x0000000086e00000, 0x0000000086e00000, 0x0000000086f00000|  0%| F|  |TAMS 0x0000000086e00000, 0x0000000086e00000| Untracked 
|  71|0x0000000086f00000, 0x0000000086f00000, 0x0000000087000000|  0%| F|  |TAMS 0x0000000086f00000, 0x0000000086f00000| Untracked 
|  72|0x0000000087000000, 0x0000000087000000, 0x0000000087100000|  0%| F|  |TAMS 0x0000000087000000, 0x0000000087000000| Untracked 
|  73|0x0000000087100000, 0x0000000087100000, 0x0000000087200000|  0%| F|  |TAMS 0x0000000087100000, 0x0000000087100000| Untracked 
|  74|0x0000000087200000, 0x0000000087200000, 0x0000000087300000|  0%| F|  |TAMS 0x0000000087200000, 0x0000000087200000| Untracked 
|  75|0x0000000087300000, 0x0000000087300000, 0x0000000087400000|  0%| F|  |TAMS 0x0000000087300000, 0x0000000087300000| Untracked 
|  76|0x0000000087400000, 0x0000000087400000, 0x0000000087500000|  0%| F|  |TAMS 0x0000000087400000, 0x0000000087400000| Untracked 
|  77|0x0000000087500000, 0x0000000087500000, 0x0000000087600000|  0%| F|  |TAMS 0x0000000087500000, 0x0000000087500000| Untracked 
|  78|0x0000000087600000, 0x0000000087600000, 0x0000000087700000|  0%| F|  |TAMS 0x0000000087600000, 0x0000000087600000| Untracked 
|  79|0x0000000087700000, 0x0000000087700000, 0x0000000087800000|  0%| F|  |TAMS 0x0000000087700000, 0x0000000087700000| Untracked 
|  80|0x0000000087800000, 0x0000000087800000, 0x0000000087900000|  0%| F|  |TAMS 0x0000000087800000, 0x0000000087800000| Untracked 
|  81|0x0000000087900000, 0x0000000087900000, 0x0000000087a00000|  0%| F|  |TAMS 0x0000000087900000, 0x0000000087900000| Untracked 
|  82|0x0000000087a00000, 0x0000000087a00000, 0x0000000087b00000|  0%| F|  |TAMS 0x0000000087a00000, 0x0000000087a00000| Untracked 
|  83|0x0000000087b00000, 0x0000000087b00000, 0x0000000087c00000|  0%| F|  |TAMS 0x0000000087b00000, 0x0000000087b00000| Untracked 
|  84|0x0000000087c00000, 0x0000000087c00000, 0x0000000087d00000|  0%| F|  |TAMS 0x0000000087c00000, 0x0000000087c00000| Untracked 
|  85|0x0000000087d00000, 0x0000000087d00000, 0x0000000087e00000|  0%| F|  |TAMS 0x0000000087d00000, 0x0000000087d00000| Untracked 
|  86|0x0000000087e00000, 0x0000000087e00000, 0x0000000087f00000|  0%| F|  |TAMS 0x0000000087e00000, 0x0000000087e00000| Untracked 
|  87|0x0000000087f00000, 0x0000000087f00000, 0x0000000088000000|  0%| F|  |TAMS 0x0000000087f00000, 0x0000000087f00000| Untracked 
|  88|0x0000000088000000, 0x0000000088000000, 0x0000000088100000|  0%| F|  |TAMS 0x0000000088000000, 0x0000000088000000| Untracked 
|  89|0x0000000088100000, 0x0000000088100000, 0x0000000088200000|  0%| F|  |TAMS 0x0000000088100000, 0x0000000088100000| Untracked 
|  90|0x0000000088200000, 0x000000008825bef8, 0x0000000088300000| 35%| E|  |TAMS 0x0000000088200000, 0x0000000088200000| Complete 
|  91|0x0000000088300000, 0x0000000088400000, 0x0000000088400000|100%| E|CS|TAMS 0x0000000088300000, 0x0000000088300000| Complete 
|  92|0x0000000088400000, 0x0000000088500000, 0x0000000088500000|100%| E|CS|TAMS 0x0000000088400000, 0x0000000088400000| Complete 
|  93|0x0000000088500000, 0x0000000088600000, 0x0000000088600000|100%| E|CS|TAMS 0x0000000088500000, 0x0000000088500000| Complete 
|  94|0x0000000088600000, 0x0000000088700000, 0x0000000088700000|100%| E|CS|TAMS 0x0000000088600000, 0x0000000088600000| Complete 
|  95|0x0000000088700000, 0x0000000088800000, 0x0000000088800000|100%| E|CS|TAMS 0x0000000088700000, 0x0000000088700000| Complete 
|  96|0x0000000088800000, 0x0000000088900000, 0x0000000088900000|100%| E|  |TAMS 0x0000000088800000, 0x0000000088800000| Complete 
|  97|0x0000000088900000, 0x0000000088a00000, 0x0000000088a00000|100%| E|CS|TAMS 0x0000000088900000, 0x0000000088900000| Complete 
|  98|0x0000000088a00000, 0x0000000088b00000, 0x0000000088b00000|100%| E|CS|TAMS 0x0000000088a00000, 0x0000000088a00000| Complete 
|  99|0x0000000088b00000, 0x0000000088c00000, 0x0000000088c00000|100%| E|CS|TAMS 0x0000000088b00000, 0x0000000088b00000| Complete 
| 100|0x0000000088c00000, 0x0000000088d00000, 0x0000000088d00000|100%| E|CS|TAMS 0x0000000088c00000, 0x0000000088c00000| Complete 
| 101|0x0000000088d00000, 0x0000000088e00000, 0x0000000088e00000|100%| E|CS|TAMS 0x0000000088d00000, 0x0000000088d00000| Complete 
| 102|0x0000000088e00000, 0x0000000088f00000, 0x0000000088f00000|100%| E|CS|TAMS 0x0000000088e00000, 0x0000000088e00000| Complete 
| 103|0x0000000088f00000, 0x0000000089000000, 0x0000000089000000|100%| E|CS|TAMS 0x0000000088f00000, 0x0000000088f00000| Complete 
| 104|0x0000000089000000, 0x0000000089100000, 0x0000000089100000|100%| E|CS|TAMS 0x0000000089000000, 0x0000000089000000| Complete 
| 105|0x0000000089100000, 0x0000000089200000, 0x0000000089200000|100%| E|CS|TAMS 0x0000000089100000, 0x0000000089100000| Complete 
| 106|0x0000000089200000, 0x0000000089300000, 0x0000000089300000|100%| E|CS|TAMS 0x0000000089200000, 0x0000000089200000| Complete 
| 107|0x0000000089300000, 0x0000000089400000, 0x0000000089400000|100%| E|CS|TAMS 0x0000000089300000, 0x0000000089300000| Complete 
| 108|0x0000000089400000, 0x0000000089500000, 0x0000000089500000|100%| E|CS|TAMS 0x0000000089400000, 0x0000000089400000| Complete 
| 109|0x0000000089500000, 0x0000000089600000, 0x0000000089600000|100%| E|CS|TAMS 0x0000000089500000, 0x0000000089500000| Complete 
| 110|0x0000000089600000, 0x0000000089700000, 0x0000000089700000|100%| E|CS|TAMS 0x0000000089600000, 0x0000000089600000| Complete 
| 111|0x0000000089700000, 0x0000000089800000, 0x0000000089800000|100%| E|CS|TAMS 0x0000000089700000, 0x0000000089700000| Complete 
| 112|0x0000000089800000, 0x0000000089900000, 0x0000000089900000|100%| E|CS|TAMS 0x0000000089800000, 0x0000000089800000| Complete 
| 113|0x0000000089900000, 0x0000000089a00000, 0x0000000089a00000|100%| E|CS|TAMS 0x0000000089900000, 0x0000000089900000| Complete 
| 114|0x0000000089a00000, 0x0000000089b00000, 0x0000000089b00000|100%| E|CS|TAMS 0x0000000089a00000, 0x0000000089a00000| Complete 
| 115|0x0000000089b00000, 0x0000000089c00000, 0x0000000089c00000|100%| E|CS|TAMS 0x0000000089b00000, 0x0000000089b00000| Complete 
| 116|0x0000000089c00000, 0x0000000089d00000, 0x0000000089d00000|100%| E|CS|TAMS 0x0000000089c00000, 0x0000000089c00000| Complete 
| 117|0x0000000089d00000, 0x0000000089e00000, 0x0000000089e00000|100%| E|CS|TAMS 0x0000000089d00000, 0x0000000089d00000| Complete 
| 118|0x0000000089e00000, 0x0000000089f00000, 0x0000000089f00000|100%| E|CS|TAMS 0x0000000089e00000, 0x0000000089e00000| Complete 
| 119|0x0000000089f00000, 0x000000008a000000, 0x000000008a000000|100%| E|CS|TAMS 0x0000000089f00000, 0x0000000089f00000| Complete 
| 120|0x000000008a000000, 0x000000008a100000, 0x000000008a100000|100%| E|CS|TAMS 0x000000008a000000, 0x000000008a000000| Complete 
| 121|0x000000008a100000, 0x000000008a200000, 0x000000008a200000|100%| E|CS|TAMS 0x000000008a100000, 0x000000008a100000| Complete 
| 122|0x000000008a200000, 0x000000008a300000, 0x000000008a300000|100%| E|CS|TAMS 0x000000008a200000, 0x000000008a200000| Complete 
| 123|0x000000008a300000, 0x000000008a400000, 0x000000008a400000|100%| E|CS|TAMS 0x000000008a300000, 0x000000008a300000| Complete 
| 124|0x000000008a400000, 0x000000008a500000, 0x000000008a500000|100%| E|CS|TAMS 0x000000008a400000, 0x000000008a400000| Complete 
| 125|0x000000008a500000, 0x000000008a600000, 0x000000008a600000|100%| E|CS|TAMS 0x000000008a500000, 0x000000008a500000| Complete 
| 126|0x000000008a600000, 0x000000008a700000, 0x000000008a700000|100%| E|CS|TAMS 0x000000008a600000, 0x000000008a600000| Complete 
| 127|0x000000008a700000, 0x000000008a800000, 0x000000008a800000|100%| E|CS|TAMS 0x000000008a700000, 0x000000008a700000| Complete 
| 128|0x000000008a800000, 0x000000008a900000, 0x000000008a900000|100%| E|CS|TAMS 0x000000008a800000, 0x000000008a800000| Complete 
| 129|0x000000008a900000, 0x000000008aa00000, 0x000000008aa00000|100%| E|CS|TAMS 0x000000008a900000, 0x000000008a900000| Complete 
| 130|0x000000008aa00000, 0x000000008ab00000, 0x000000008ab00000|100%| E|CS|TAMS 0x000000008aa00000, 0x000000008aa00000| Complete 
| 131|0x000000008ab00000, 0x000000008ac00000, 0x000000008ac00000|100%| E|CS|TAMS 0x000000008ab00000, 0x000000008ab00000| Complete 
| 132|0x000000008ac00000, 0x000000008ad00000, 0x000000008ad00000|100%| E|CS|TAMS 0x000000008ac00000, 0x000000008ac00000| Complete 
| 133|0x000000008ad00000, 0x000000008ae00000, 0x000000008ae00000|100%| E|CS|TAMS 0x000000008ad00000, 0x000000008ad00000| Complete 
| 134|0x000000008ae00000, 0x000000008af00000, 0x000000008af00000|100%| E|CS|TAMS 0x000000008ae00000, 0x000000008ae00000| Complete 
| 135|0x000000008af00000, 0x000000008b000000, 0x000000008b000000|100%| E|CS|TAMS 0x000000008af00000, 0x000000008af00000| Complete 
| 136|0x000000008b000000, 0x000000008b100000, 0x000000008b100000|100%| E|CS|TAMS 0x000000008b000000, 0x000000008b000000| Complete 
| 137|0x000000008b100000, 0x000000008b200000, 0x000000008b200000|100%| E|CS|TAMS 0x000000008b100000, 0x000000008b100000| Complete 
| 138|0x000000008b200000, 0x000000008b300000, 0x000000008b300000|100%| E|CS|TAMS 0x000000008b200000, 0x000000008b200000| Complete 
| 139|0x000000008b300000, 0x000000008b400000, 0x000000008b400000|100%| E|CS|TAMS 0x000000008b300000, 0x000000008b300000| Complete 
|2002|0x00000000ffa00000, 0x00000000ffb00000, 0x00000000ffb00000|100%| O|  |TAMS 0x00000000ffa00000, 0x00000000ffb00000| Untracked 
|2003|0x00000000ffb00000, 0x00000000ffc00000, 0x00000000ffc00000|100%| O|  |TAMS 0x00000000ffb00000, 0x00000000ffc00000| Untracked 
|2004|0x00000000ffc00000, 0x00000000ffd00000, 0x00000000ffd00000|100%| O|  |TAMS 0x00000000ffc00000, 0x00000000ffd00000| Untracked 
|2005|0x00000000ffd00000, 0x00000000ffe00000, 0x00000000ffe00000|100%| O|  |TAMS 0x00000000ffd00000, 0x00000000ffe00000| Untracked 
|2006|0x00000000ffe00000, 0x00000000fff00000, 0x00000000fff00000|100%| O|  |TAMS 0x00000000ffe00000, 0x00000000fff00000| Untracked 
|2007|0x00000000fff00000, 0x0000000100000000, 0x0000000100000000|100%| O|  |TAMS 0x00000000fff00000, 0x0000000100000000| Untracked 

Card table byte_map: [0x000001e8b84c0000,0x000001e8b88b0000] _byte_map_base: 0x000001e8b80ac000

Marking Bits (Prev, Next): (CMBitMap*) 0x000001e89f5733e0, (CMBitMap*) 0x000001e89f5733a0
 Prev Bits: [0x000001e8bac00000, 0x000001e8bcb60000)
 Next Bits: [0x000001e8b8ca0000, 0x000001e8bac00000)

Polling page: 0x000001e89f5e0000

Metaspace:

Usage:
  Non-class:     23.40 MB used.
      Class:      2.88 MB used.
       Both:     26.28 MB used.

Virtual space:
  Non-class space:       64.00 MB reserved,      23.62 MB ( 37%) committed,  1 nodes.
      Class space:        1.00 GB reserved,       3.06 MB ( <1%) committed,  1 nodes.
             Both:        1.06 GB reserved,      26.69 MB (  2%) committed. 

Chunk freelists:
   Non-Class:  3.89 MB
       Class:  975.00 KB
        Both:  4.84 MB

MaxMetaspaceSize: unlimited
CompressedClassSpaceSize: 1.00 GB
Initial GC threshold: 21.00 MB
Current GC threshold: 35.31 MB
CDS: on
MetaspaceReclaimPolicy: balanced
 - commit_granule_bytes: 65536.
 - commit_granule_words: 8192.
 - virtual_space_node_default_size: 8388608.
 - enlarge_chunks_in_place: 1.
 - new_chunks_are_fully_committed: 0.
 - uncommit_free_chunks: 1.
 - use_allocation_guard: 0.


Internal statistics:

num_allocs_failed_limit: 3.
num_arena_births: 392.
num_arena_deaths: 0.
num_vsnodes_births: 2.
num_vsnodes_deaths: 0.
num_space_committed: 427.
num_space_uncommitted: 0.
num_chunks_returned_to_freelist: 3.
num_chunks_taken_from_freelist: 1392.
num_chunk_merges: 3.
num_chunk_splits: 986.
num_chunks_enlarged: 737.
num_inconsistent_stats: 0.

CodeHeap 'non-profiled nmethods': size=120000Kb used=3017Kb max_used=3017Kb free=116983Kb
 bounds [0x000001e8b0130000, 0x000001e8b0430000, 0x000001e8b7660000]
CodeHeap 'profiled nmethods': size=120000Kb used=13772Kb max_used=13772Kb free=106227Kb
 bounds [0x000001e8a8c00000, 0x000001e8a9980000, 0x000001e8b0130000]
CodeHeap 'non-nmethods': size=5760Kb used=1226Kb max_used=1302Kb free=4533Kb
 bounds [0x000001e8a8660000, 0x000001e8a88d0000, 0x000001e8a8c00000]
 total_blobs=6860 nmethods=6340 adapters=432
 compilation: enabled
              stopped_count=0, restarted_count=0
 full_count=0

Compilation events (20 events):
Event: 11.206 Thread 0x000001e8bf5d4ed0 nmethod 6340 0x000001e8a994fc90 code [0x000001e8a994fec0, 0x000001e8a9950458]
Event: 11.206 Thread 0x000001e8bf5d4ed0 6343       2       com.sun.tools.javac.code.Types$DefaultTypeVisitor::visitClassType (7 bytes)
Event: 11.206 Thread 0x000001e8bf5d4ed0 nmethod 6343 0x000001e8a9950810 code [0x000001e8a99509a0, 0x000001e8a9950ac8]
Event: 11.206 Thread 0x000001e8bf5d4ed0 6336       2       com.sun.tools.javac.code.Types$HashCodeVisitor::visitType (10 bytes)
Event: 11.206 Thread 0x000001e8bf5d4ed0 nmethod 6336 0x000001e8a9950b90 code [0x000001e8a9950d40, 0x000001e8a9950f18]
Event: 11.206 Thread 0x000001e8bf5d4ed0 6337       2       com.sun.tools.javac.code.Types$HashCodeVisitor::visitType (11 bytes)
Event: 11.207 Thread 0x000001e8bf5d4ed0 nmethod 6337 0x000001e8a9951090 code [0x000001e8a9951240, 0x000001e8a9951428]
Event: 11.207 Thread 0x000001e8bf5d4ed0 6335       2       com.sun.tools.javac.util.ByteBuffer::appendBytes (42 bytes)
Event: 11.207 Thread 0x000001e8bf5d4ed0 nmethod 6335 0x000001e8a9951590 code [0x000001e8a9951740, 0x000001e8a9951998]
Event: 11.208 Thread 0x000001e8bf5d4ed0 6344       2       com.sun.tools.javac.comp.TransTypes::addBridgeIfNeeded (251 bytes)
Event: 11.209 Thread 0x000001e8bf5d4ed0 nmethod 6344 0x000001e8a9951a90 code [0x000001e8a9951cc0, 0x000001e8a9952228]
Event: 11.210 Thread 0x000001e8bf5d4ed0 6345       2       java.util.RegularEnumSet::isEmpty (15 bytes)
Event: 11.211 Thread 0x000001e8bf5d4ed0 nmethod 6345 0x000001e8a9952590 code [0x000001e8a9952720, 0x000001e8a9952858]
Event: 11.211 Thread 0x000001e8bf5d4ed0 6346       2       com.sun.tools.javac.tree.JCTree$JCBlock::getTag (4 bytes)
Event: 11.211 Thread 0x000001e8bf5d4ed0 nmethod 6346 0x000001e8a9952910 code [0x000001e8a9952aa0, 0x000001e8a9952bb8]
Event: 11.211 Thread 0x000001e8bf5d4ed0 6347       2       com.sun.tools.javac.code.Scope$ScopeImpl::dupUnshared (173 bytes)
Event: 11.213 Thread 0x000001e8bf5d4ed0 nmethod 6347 0x000001e8a9952c90 code [0x000001e8a9952ec0, 0x000001e8a9953818]
Event: 11.213 Thread 0x000001e8bf5d4ed0 6348       2       com.sun.tools.javac.code.Symbol$MethodSymbol::overrides (11 bytes)
Event: 11.213 Thread 0x000001e8bf5d4ed0 nmethod 6348 0x000001e8a9953c90 code [0x000001e8a9953e20, 0x000001e8a9953f48]
Event: 11.214 Thread 0x000001e8bf5d4ed0 6349       2       com.sun.tools.javac.code.Symbol$MethodSymbol::overrides (252 bytes)

GC Heap History (14 events):
Event: 1.398 GC heap before
{Heap before GC invocations=0 (full 0):
 garbage-first heap   total 129024K, used 23552K [0x0000000082800000, 0x0000000100000000)
  region size 1024K, 23 young (23552K), 0 survivors (0K)
 Metaspace       used 4914K, committed 5056K, reserved 1114112K
  class space    used 570K, committed 640K, reserved 1048576K
}
Event: 1.408 GC heap after
{Heap after GC invocations=1 (full 0):
 garbage-first heap   total 129024K, used 3691K [0x0000000082800000, 0x0000000100000000)
  region size 1024K, 3 young (3072K), 3 survivors (3072K)
 Metaspace       used 4914K, committed 5056K, reserved 1114112K
  class space    used 570K, committed 640K, reserved 1048576K
}
Event: 2.902 GC heap before
{Heap before GC invocations=1 (full 0):
 garbage-first heap   total 129024K, used 35435K [0x0000000082800000, 0x0000000100000000)
  region size 1024K, 34 young (34816K), 3 survivors (3072K)
 Metaspace       used 10818K, committed 11072K, reserved 1114112K
  class space    used 1285K, committed 1408K, reserved 1048576K
}
Event: 2.918 GC heap after
{Heap after GC invocations=2 (full 0):
 garbage-first heap   total 129024K, used 6589K [0x0000000082800000, 0x0000000100000000)
  region size 1024K, 3 young (3072K), 3 survivors (3072K)
 Metaspace       used 10818K, committed 11072K, reserved 1114112K
  class space    used 1285K, committed 1408K, reserved 1048576K
}
Event: 4.660 GC heap before
{Heap before GC invocations=2 (full 0):
 garbage-first heap   total 129024K, used 80317K [0x0000000082800000, 0x0000000100000000)
  region size 1024K, 75 young (76800K), 3 survivors (3072K)
 Metaspace       used 13119K, committed 13376K, reserved 1114112K
  class space    used 1449K, committed 1600K, reserved 1048576K
}
Event: 4.689 GC heap after
{Heap after GC invocations=3 (full 0):
 garbage-first heap   total 129024K, used 13826K [0x0000000082800000, 0x0000000100000000)
  region size 1024K, 10 young (10240K), 10 survivors (10240K)
 Metaspace       used 13119K, committed 13376K, reserved 1114112K
  class space    used 1449K, committed 1600K, reserved 1048576K
}
Event: 6.957 GC heap before
{Heap before GC invocations=3 (full 0):
 garbage-first heap   total 129024K, used 74242K [0x0000000082800000, 0x0000000100000000)
  region size 1024K, 69 young (70656K), 10 survivors (10240K)
 Metaspace       used 21143K, committed 21504K, reserved 1114112K
  class space    used 2355K, committed 2560K, reserved 1048576K
}
Event: 6.990 GC heap after
{Heap after GC invocations=4 (full 0):
 garbage-first heap   total 129024K, used 18079K [0x0000000082800000, 0x0000000100000000)
  region size 1024K, 6 young (6144K), 6 survivors (6144K)
 Metaspace       used 21143K, committed 21504K, reserved 1114112K
  class space    used 2355K, committed 2560K, reserved 1048576K
}
Event: 8.400 GC heap before
{Heap before GC invocations=5 (full 0):
 garbage-first heap   total 68608K, used 53919K [0x0000000082800000, 0x0000000100000000)
  region size 1024K, 40 young (40960K), 6 survivors (6144K)
 Metaspace       used 23013K, committed 23424K, reserved 1114112K
  class space    used 2540K, committed 2752K, reserved 1048576K
}
Event: 8.442 GC heap after
{Heap after GC invocations=6 (full 0):
 garbage-first heap   total 74752K, used 32927K [0x0000000082800000, 0x0000000100000000)
  region size 1024K, 5 young (5120K), 5 survivors (5120K)
 Metaspace       used 23013K, committed 23424K, reserved 1114112K
  class space    used 2540K, committed 2752K, reserved 1048576K
}
Event: 8.462 GC heap before
{Heap before GC invocations=6 (full 0):
 garbage-first heap   total 74752K, used 33951K [0x0000000082800000, 0x0000000100000000)
  region size 1024K, 6 young (6144K), 5 survivors (5120K)
 Metaspace       used 23030K, committed 23488K, reserved 1114112K
  class space    used 2540K, committed 2752K, reserved 1048576K
}
Event: 8.470 GC heap after
{Heap after GC invocations=7 (full 0):
 garbage-first heap   total 74752K, used 34652K [0x0000000082800000, 0x0000000100000000)
  region size 1024K, 1 young (1024K), 1 survivors (1024K)
 Metaspace       used 23030K, committed 23488K, reserved 1114112K
  class space    used 2540K, committed 2752K, reserved 1048576K
}
Event: 8.906 GC heap before
{Heap before GC invocations=7 (full 0):
 garbage-first heap   total 74752K, used 51036K [0x0000000082800000, 0x0000000100000000)
  region size 1024K, 18 young (18432K), 1 survivors (1024K)
 Metaspace       used 23555K, committed 23936K, reserved 1114112K
  class space    used 2578K, committed 2752K, reserved 1048576K
}
Event: 8.919 GC heap after
{Heap after GC invocations=8 (full 0):
 garbage-first heap   total 149504K, used 37376K [0x0000000082800000, 0x0000000100000000)
  region size 1024K, 3 young (3072K), 3 survivors (3072K)
 Metaspace       used 23555K, committed 23936K, reserved 1114112K
  class space    used 2578K, committed 2752K, reserved 1048576K
}

Deoptimization events (20 events):
Event: 10.733 Thread 0x000001e89f513e30 DEOPT PACKING pc=0x000001e8b0415d84 sp=0x000000741f5fd870
Event: 10.733 Thread 0x000001e89f513e30 DEOPT UNPACKING pc=0x000001e8a86b23a3 sp=0x000000741f5fd7f8 mode 2
Event: 10.768 Thread 0x000001e89f513e30 Uncommon trap: trap_request=0xffffff45 fr.pc=0x000001e8b021b694 relative=0x0000000000001934
Event: 10.768 Thread 0x000001e89f513e30 Uncommon trap: reason=unstable_if action=reinterpret pc=0x000001e8b021b694 method=java.util.HashMap.hash(Ljava/lang/Object;)I @ 1 c2
Event: 10.768 Thread 0x000001e89f513e30 DEOPT PACKING pc=0x000001e8b021b694 sp=0x000000741f5fdd40
Event: 10.768 Thread 0x000001e89f513e30 DEOPT UNPACKING pc=0x000001e8a86b23a3 sp=0x000000741f5fdc60 mode 2
Event: 10.768 Thread 0x000001e89f513e30 Uncommon trap: trap_request=0xffffff45 fr.pc=0x000001e8b0206cc8 relative=0x00000000000007e8
Event: 10.768 Thread 0x000001e89f513e30 Uncommon trap: reason=unstable_if action=reinterpret pc=0x000001e8b0206cc8 method=java.util.HashMap.hash(Ljava/lang/Object;)I @ 1 c2
Event: 10.768 Thread 0x000001e89f513e30 DEOPT PACKING pc=0x000001e8b0206cc8 sp=0x000000741f5fdce0
Event: 10.768 Thread 0x000001e89f513e30 DEOPT UNPACKING pc=0x000001e8a86b23a3 sp=0x000000741f5fdc60 mode 2
Event: 10.919 Thread 0x000001e89f513e30 Uncommon trap: trap_request=0xffffffc6 fr.pc=0x000001e8b0232848 relative=0x00000000000003e8
Event: 10.919 Thread 0x000001e89f513e30 Uncommon trap: reason=bimorphic_or_optimized_type_check action=maybe_recompile pc=0x000001e8b0232848 method=java.util.HashMap.putVal(ILjava/lang/Object;Ljava/lang/Object;ZZ)Ljava/lang/Object; @ 253 c2
Event: 10.919 Thread 0x000001e89f513e30 DEOPT PACKING pc=0x000001e8b0232848 sp=0x000000741f5fe130
Event: 10.919 Thread 0x000001e89f513e30 DEOPT UNPACKING pc=0x000001e8a86b23a3 sp=0x000000741f5fe0b0 mode 2
Event: 10.925 Thread 0x000001e89f513e30 Uncommon trap: trap_request=0xffffffc6 fr.pc=0x000001e8b0232848 relative=0x00000000000003e8
Event: 10.925 Thread 0x000001e89f513e30 Uncommon trap: reason=bimorphic_or_optimized_type_check action=maybe_recompile pc=0x000001e8b0232848 method=java.util.HashMap.putVal(ILjava/lang/Object;Ljava/lang/Object;ZZ)Ljava/lang/Object; @ 253 c2
Event: 10.925 Thread 0x000001e89f513e30 DEOPT PACKING pc=0x000001e8b0232848 sp=0x000000741f5fe120
Event: 10.925 Thread 0x000001e89f513e30 DEOPT UNPACKING pc=0x000001e8a86b23a3 sp=0x000000741f5fe0a0 mode 2
Event: 10.980 Thread 0x000001e89f513e30 DEOPT PACKING pc=0x000001e8a97e8cd6 sp=0x000000741f5f9890
Event: 10.980 Thread 0x000001e89f513e30 DEOPT UNPACKING pc=0x000001e8a86b2b43 sp=0x000000741f5f8d78 mode 0

Classes loaded (20 events):
Event: 10.179 Loading class java/util/Collections$UnmodifiableSortedSet
Event: 10.179 Loading class java/util/Collections$UnmodifiableSortedSet done
Event: 10.261 Loading class java/util/IdentityHashMap$EntrySet
Event: 10.271 Loading class java/util/IdentityHashMap$EntrySet done
Event: 10.271 Loading class java/util/IdentityHashMap$EntryIterator
Event: 10.271 Loading class java/util/IdentityHashMap$EntryIterator done
Event: 10.271 Loading class java/util/IdentityHashMap$EntryIterator$Entry
Event: 10.271 Loading class java/util/IdentityHashMap$EntryIterator$Entry done
Event: 10.958 Loading class java/nio/file/Path$1
Event: 10.958 Loading class java/nio/file/Path$1 done
Event: 11.076 Loading class java/util/function/ToIntBiFunction
Event: 11.076 Loading class java/util/function/ToIntBiFunction done
Event: 11.164 Loading class java/util/EnumMap$EntrySet
Event: 11.164 Loading class java/util/EnumMap$EntrySet done
Event: 11.164 Loading class java/util/EnumMap$EntryIterator
Event: 11.164 Loading class java/util/EnumMap$EnumMapIterator
Event: 11.165 Loading class java/util/EnumMap$EnumMapIterator done
Event: 11.165 Loading class java/util/EnumMap$EntryIterator done
Event: 11.165 Loading class java/util/EnumMap$EntryIterator$Entry
Event: 11.165 Loading class java/util/EnumMap$EntryIterator$Entry done

Classes unloaded (0 events):
No events

Classes redefined (0 events):
No events

Internal exceptions (20 events):
Event: 11.120 Thread 0x000001e89f513e30 Exception <a 'sun/nio/fs/WindowsException'{0x0000000088569f70}> (0x0000000088569f70) 
thrown [s\open\src\hotspot\share\prims\jni.cpp, line 516]
Event: 11.121 Thread 0x000001e89f513e30 Exception <a 'sun/nio/fs/WindowsException'{0x00000000885756b8}> (0x00000000885756b8) 
thrown [s\open\src\hotspot\share\prims\jni.cpp, line 516]
Event: 11.121 Thread 0x000001e89f513e30 Exception <a 'sun/nio/fs/WindowsException'{0x0000000088575940}> (0x0000000088575940) 
thrown [s\open\src\hotspot\share\prims\jni.cpp, line 516]
Event: 11.122 Thread 0x000001e89f513e30 Exception <a 'sun/nio/fs/WindowsException'{0x000000008858df60}> (0x000000008858df60) 
thrown [s\open\src\hotspot\share\prims\jni.cpp, line 516]
Event: 11.122 Thread 0x000001e89f513e30 Exception <a 'sun/nio/fs/WindowsException'{0x000000008858e230}> (0x000000008858e230) 
thrown [s\open\src\hotspot\share\prims\jni.cpp, line 516]
Event: 11.122 Thread 0x000001e89f513e30 Exception <a 'sun/nio/fs/WindowsException'{0x000000008858fbf0}> (0x000000008858fbf0) 
thrown [s\open\src\hotspot\share\prims\jni.cpp, line 516]
Event: 11.122 Thread 0x000001e89f513e30 Exception <a 'sun/nio/fs/WindowsException'{0x000000008858ff48}> (0x000000008858ff48) 
thrown [s\open\src\hotspot\share\prims\jni.cpp, line 516]
Event: 11.146 Thread 0x000001e89f513e30 Exception <a 'java/lang/NoSuchMethodError'{0x00000000885d0b88}: 'int java.lang.invoke.DirectMethodHandle$Holder.invokeVirtual(java.lang.Object, java.lang.Object, java.lang.Object, java.lang.Object)'> (0x00000000885d0b88) 
thrown [s\open\src\hotspot\share\interpreter\linkResolver.cpp, line 766]
Event: 11.149 Thread 0x000001e89f513e30 Exception <a 'java/lang/NoSuchMethodError'{0x00000000885dbb48}: 'java.lang.Object java.lang.invoke.DirectMethodHandle$Holder.newInvokeSpecial(java.lang.Object, java.lang.Object, int, java.lang.Object)'> (0x00000000885dbb48) 
thrown [s\open\src\hotspot\share\interpreter\linkResolver.cpp, line 766]
Event: 11.150 Thread 0x000001e89f513e30 Exception <a 'java/lang/NoSuchMethodError'{0x00000000885dfe20}: 'java.lang.Object java.lang.invoke.DirectMethodHandle$Holder.invokeSpecial(java.lang.Object, java.lang.Object, java.lang.Object, int, java.lang.Object)'> (0x00000000885dfe20) 
thrown [s\open\src\hotspot\share\interpreter\linkResolver.cpp, line 766]
Event: 11.174 Thread 0x000001e89f513e30 Exception <a 'sun/nio/fs/WindowsException'{0x0000000088416168}> (0x0000000088416168) 
thrown [s\open\src\hotspot\share\prims\jni.cpp, line 516]
Event: 11.174 Thread 0x000001e89f513e30 Exception <a 'sun/nio/fs/WindowsException'{0x00000000884167f8}> (0x00000000884167f8) 
thrown [s\open\src\hotspot\share\prims\jni.cpp, line 516]
Event: 11.174 Thread 0x000001e89f513e30 Exception <a 'sun/nio/fs/WindowsException'{0x0000000088416f88}> (0x0000000088416f88) 
thrown [s\open\src\hotspot\share\prims\jni.cpp, line 516]
Event: 11.193 Thread 0x000001e89f513e30 Exception <a 'sun/nio/fs/WindowsException'{0x000000008848c230}> (0x000000008848c230) 
thrown [s\open\src\hotspot\share\prims\jni.cpp, line 516]
Event: 11.193 Thread 0x000001e89f513e30 Exception <a 'sun/nio/fs/WindowsException'{0x000000008848c8c8}> (0x000000008848c8c8) 
thrown [s\open\src\hotspot\share\prims\jni.cpp, line 516]
Event: 11.193 Thread 0x000001e89f513e30 Exception <a 'sun/nio/fs/WindowsException'{0x000000008848d0a8}> (0x000000008848d0a8) 
thrown [s\open\src\hotspot\share\prims\jni.cpp, line 516]
Event: 11.193 Thread 0x000001e89f513e30 Exception <a 'sun/nio/fs/WindowsException'{0x000000008848d7c0}> (0x000000008848d7c0) 
thrown [s\open\src\hotspot\share\prims\jni.cpp, line 516]
Event: 11.208 Thread 0x000001e89f513e30 Exception <a 'sun/nio/fs/WindowsException'{0x00000000884fb5a0}> (0x00000000884fb5a0) 
thrown [s\open\src\hotspot\share\prims\jni.cpp, line 516]
Event: 11.208 Thread 0x000001e89f513e30 Exception <a 'sun/nio/fs/WindowsException'{0x00000000884fbc30}> (0x00000000884fbc30) 
thrown [s\open\src\hotspot\share\prims\jni.cpp, line 516]
Event: 11.208 Thread 0x000001e89f513e30 Exception <a 'sun/nio/fs/WindowsException'{0x00000000884fc3d8}> (0x00000000884fc3d8) 
thrown [s\open\src\hotspot\share\prims\jni.cpp, line 516]

VM Operations (20 events):
Event: 8.400 Executing VM operation: G1CollectForAllocation
Event: 8.443 Executing VM operation: G1CollectForAllocation done
Event: 8.462 Executing VM operation: G1CollectForAllocation
Event: 8.470 Executing VM operation: G1CollectForAllocation done
Event: 8.870 Executing VM operation: ICBufferFull
Event: 8.870 Executing VM operation: ICBufferFull done
Event: 8.906 Executing VM operation: G1TryInitiateConcMark
Event: 8.920 Executing VM operation: G1TryInitiateConcMark done
Event: 9.930 Executing VM operation: Cleanup
Event: 9.930 Executing VM operation: Cleanup done
Event: 10.741 Executing VM operation: ICBufferFull
Event: 10.742 Executing VM operation: ICBufferFull done
Event: 10.901 Executing VM operation: HandshakeAllThreads
Event: 10.901 Executing VM operation: HandshakeAllThreads done
Event: 10.970 Executing VM operation: HandshakeAllThreads
Event: 10.970 Executing VM operation: HandshakeAllThreads done
Event: 11.010 Executing VM operation: HandshakeAllThreads
Event: 11.010 Executing VM operation: HandshakeAllThreads done
Event: 11.049 Executing VM operation: ICBufferFull
Event: 11.049 Executing VM operation: ICBufferFull done

Events (20 events):
Event: 0.094 Thread 0x000001e8bf5c8290 Thread added: 0x000001e8bf5c8290
Event: 0.095 Thread 0x000001e8bf5cb860 Thread added: 0x000001e8bf5cb860
Event: 0.095 Thread 0x000001e8bf5cc5b0 Thread added: 0x000001e8bf5cc5b0
Event: 0.095 Thread 0x000001e8bf5cd440 Thread added: 0x000001e8bf5cd440
Event: 0.095 Thread 0x000001e8bf5ce740 Thread added: 0x000001e8bf5ce740
Event: 0.095 Thread 0x000001e8bf5d4ed0 Thread added: 0x000001e8bf5d4ed0
Event: 0.096 Thread 0x000001e8bf5e43d0 Thread added: 0x000001e8bf5e43d0
Event: 0.139 Thread 0x000001e8c3895020 Thread added: 0x000001e8c3895020
Event: 0.151 Thread 0x000001e8c38b8950 Thread added: 0x000001e8c38b8950
Event: 0.162 Loaded shared library C:\Program Files\Java\jdk-18.0.1.1\bin\net.dll
Event: 0.165 Loaded shared library C:\Program Files\Java\jdk-18.0.1.1\bin\nio.dll
Event: 0.174 Loaded shared library C:\Program Files\Java\jdk-18.0.1.1\bin\zip.dll
Event: 0.382 Loaded shared library C:\Program Files\Java\jdk-18.0.1.1\bin\jimage.dll
Event: 0.408 Loaded shared library C:\Program Files\apache-maven-3.8.5\lib\jansi-native\Windows\x86_64\jansi.dll
Event: 0.436 Loaded shared library C:\Program Files\Java\jdk-18.0.1.1\bin\verify.dll
Event: 1.171 Thread 0x000001e8bf5d5e00 Thread added: 0x000001e8bf5d5e00
Event: 1.209 Thread 0x000001e8bf5d3fa0 Thread added: 0x000001e8bf5d3fa0
Event: 6.183 Thread 0x000001e8bf5d3fa0 Thread exited: 0x000001e8bf5d3fa0
Event: 6.197 Thread 0x000001e8bf5d5e00 Thread exited: 0x000001e8bf5d5e00
Event: 7.126 Thread 0x000001e8bf5d5e00 Thread added: 0x000001e8bf5d5e00


Dynamic libraries:
0x00007ff74faf0000 - 0x00007ff74fb00000 	C:\Program Files\Java\jdk-18.0.1.1\bin\java.exe
0x00007fffc6850000 - 0x00007fffc6a48000 	C:\WINDOWS\SYSTEM32\ntdll.dll
0x00007fffc5170000 - 0x00007fffc522f000 	C:\WINDOWS\System32\KERNEL32.DLL
0x00007fffc3f30000 - 0x00007fffc4226000 	C:\WINDOWS\System32\KERNELBASE.dll
0x00007fffc4650000 - 0x00007fffc4750000 	C:\WINDOWS\System32\ucrtbase.dll
0x00007fffbc4c0000 - 0x00007fffbc4d8000 	C:\Program Files\Java\jdk-18.0.1.1\bin\jli.dll
0x00007fffb1750000 - 0x00007fffb176a000 	C:\Program Files\Java\jdk-18.0.1.1\bin\VCRUNTIME140.dll
0x00007fffc5b20000 - 0x00007fffc5bcf000 	C:\WINDOWS\System32\ADVAPI32.dll
0x00007fffc5710000 - 0x00007fffc57ae000 	C:\WINDOWS\System32\msvcrt.dll
0x00007fffc5610000 - 0x00007fffc56ac000 	C:\WINDOWS\System32\sechost.dll
0x00007fffc64e0000 - 0x00007fffc6606000 	C:\WINDOWS\System32\RPCRT4.dll
0x00007fffc5380000 - 0x00007fffc551d000 	C:\WINDOWS\System32\USER32.dll
0x00007fffa2600000 - 0x00007fffa289a000 	C:\WINDOWS\WinSxS\amd64_microsoft.windows.common-controls_6595b64144ccf1df_6.0.19041.1110_none_60b5254171f9507e\COMCTL32.dll
0x00007fffc4750000 - 0x00007fffc4772000 	C:\WINDOWS\System32\win32u.dll
0x00007fffc5230000 - 0x00007fffc525c000 	C:\WINDOWS\System32\GDI32.dll
0x00007fffc43d0000 - 0x00007fffc44e5000 	C:\WINDOWS\System32\gdi32full.dll
0x00007fffc4330000 - 0x00007fffc43cd000 	C:\WINDOWS\System32\msvcp_win.dll
0x00007fffba5f0000 - 0x00007fffba5fa000 	C:\WINDOWS\SYSTEM32\VERSION.dll
0x00007fffc4940000 - 0x00007fffc4970000 	C:\WINDOWS\System32\IMM32.DLL
0x00007fffbc490000 - 0x00007fffbc49c000 	C:\Program Files\Java\jdk-18.0.1.1\bin\vcruntime140_1.dll
0x00007fff8ae30000 - 0x00007fff8aebd000 	C:\Program Files\Java\jdk-18.0.1.1\bin\msvcp140.dll
0x00007fff2d360000 - 0x00007fff2df70000 	C:\Program Files\Java\jdk-18.0.1.1\bin\server\jvm.dll
0x00007fffc4930000 - 0x00007fffc4938000 	C:\WINDOWS\System32\PSAPI.DLL
0x00007fffacbf0000 - 0x00007fffacc17000 	C:\WINDOWS\SYSTEM32\WINMM.dll
0x00007fffa7330000 - 0x00007fffa7339000 	C:\WINDOWS\SYSTEM32\WSOCK32.dll
0x00007fffc5bd0000 - 0x00007fffc5c3b000 	C:\WINDOWS\System32\WS2_32.dll
0x00007fffc2790000 - 0x00007fffc27a2000 	C:\WINDOWS\SYSTEM32\kernel.appcore.dll
0x00007fffb9350000 - 0x00007fffb935a000 	C:\Program Files\Java\jdk-18.0.1.1\bin\jimage.dll
0x00007fffbf400000 - 0x00007fffbf5e4000 	C:\WINDOWS\SYSTEM32\DBGHELP.DLL
0x00007fffaac20000 - 0x00007fffaac54000 	C:\WINDOWS\SYSTEM32\dbgcore.DLL
0x00007fffc4780000 - 0x00007fffc4802000 	C:\WINDOWS\System32\bcryptPrimitives.dll
0x00007fff7d0d0000 - 0x00007fff7d0f5000 	C:\Program Files\Java\jdk-18.0.1.1\bin\java.dll
0x00007fff737f0000 - 0x00007fff738c6000 	C:\Program Files\Java\jdk-18.0.1.1\bin\jsvml.dll
0x00007fffc4a20000 - 0x00007fffc5164000 	C:\WINDOWS\System32\SHELL32.dll
0x00007fffbec60000 - 0x00007fffbf3f3000 	C:\WINDOWS\SYSTEM32\windows.storage.dll
0x00007fffc57c0000 - 0x00007fffc5b14000 	C:\WINDOWS\System32\combase.dll
0x00007fffc3970000 - 0x00007fffc399e000 	C:\WINDOWS\SYSTEM32\Wldp.dll
0x00007fffc4970000 - 0x00007fffc4a1d000 	C:\WINDOWS\System32\SHCORE.dll
0x00007fffc5520000 - 0x00007fffc5575000 	C:\WINDOWS\System32\shlwapi.dll
0x00007fffc3e70000 - 0x00007fffc3e8f000 	C:\WINDOWS\SYSTEM32\profapi.dll
0x00007fff8af80000 - 0x00007fff8af93000 	C:\Program Files\Java\jdk-18.0.1.1\bin\net.dll
0x00007fffb9240000 - 0x00007fffb934a000 	C:\WINDOWS\SYSTEM32\WINHTTP.dll
0x00007fffc36a0000 - 0x00007fffc370a000 	C:\WINDOWS\system32\mswsock.dll
0x00007fff8ae10000 - 0x00007fff8ae26000 	C:\Program Files\Java\jdk-18.0.1.1\bin\nio.dll
0x00007fff8a240000 - 0x00007fff8a258000 	C:\Program Files\Java\jdk-18.0.1.1\bin\zip.dll
0x0000000069ac0000 - 0x0000000069ae4000 	C:\Program Files\apache-maven-3.8.5\lib\jansi-native\Windows\x86_64\jansi.dll
0x00007fffb6180000 - 0x00007fffb6190000 	C:\Program Files\Java\jdk-18.0.1.1\bin\verify.dll

dbghelp: loaded successfully - version: 4.0.5 - missing functions: none
symbol engine: initialized successfully - sym options: 0x614 - pdb path: .;C:\Program Files\Java\jdk-18.0.1.1\bin;C:\WINDOWS\SYSTEM32;C:\WINDOWS\WinSxS\amd64_microsoft.windows.common-controls_6595b64144ccf1df_6.0.19041.1110_none_60b5254171f9507e;C:\Program Files\Java\jdk-18.0.1.1\bin\server;C:\Program Files\apache-maven-3.8.5\lib\jansi-native\Windows\x86_64

VM Arguments:
jvm_args: -Dclassworlds.conf=C:\Program Files\apache-maven-3.8.5\bin\m2.conf -Dmaven.home=C:\Program Files\apache-maven-3.8.5 -Dlibrary.jansi.path=C:\Program Files\apache-maven-3.8.5\lib\jansi-native -Dmaven.multiModuleProjectDirectory=D:\Springboot\MovieApp 
java_command: org.codehaus.plexus.classworlds.launcher.Launcher clean install
java_class_path (initial): C:\Program Files\apache-maven-3.8.5\boot\plexus-classworlds-2.6.0.jar
Launcher Type: SUN_STANDARD

[Global flags]
     intx CICompilerCount                          = 4                                         {product} {ergonomic}
     uint ConcGCThreads                            = 2                                         {product} {ergonomic}
     uint G1ConcRefinementThreads                  = 8                                         {product} {ergonomic}
   size_t G1HeapRegionSize                         = 1048576                                   {product} {ergonomic}
    uintx GCDrainStackTargetSize                   = 64                                        {product} {ergonomic}
   size_t InitialHeapSize                          = 132120576                                 {product} {ergonomic}
   size_t MarkStackSize                            = 4194304                                   {product} {ergonomic}
   size_t MaxHeapSize                              = 2105540608                                {product} {ergonomic}
   size_t MaxNewSize                               = 1262485504                                {product} {ergonomic}
   size_t MinHeapDeltaBytes                        = 1048576                                   {product} {ergonomic}
   size_t MinHeapSize                              = 8388608                                   {product} {ergonomic}
    uintx NonNMethodCodeHeapSize                   = 5839372                                {pd product} {ergonomic}
    uintx NonProfiledCodeHeapSize                  = 122909434                              {pd product} {ergonomic}
    uintx ProfiledCodeHeapSize                     = 122909434                              {pd product} {ergonomic}
    uintx ReservedCodeCacheSize                    = 251658240                              {pd product} {ergonomic}
     bool SegmentedCodeCache                       = true                                      {product} {ergonomic}
   size_t SoftMaxHeapSize                          = 2105540608                             {manageable} {ergonomic}
     bool UseCompressedClassPointers               = true                           {product lp64_product} {ergonomic}
     bool UseCompressedOops                        = true                           {product lp64_product} {ergonomic}
     bool UseG1GC                                  = true                                      {product} {ergonomic}
     bool UseLargePagesIndividualAllocation        = false                                  {pd product} {ergonomic}

Logging:
Log output configuration:
 #0: stdout all=warning uptime,level,tags foldmultilines=false
 #1: stderr all=off uptime,level,tags foldmultilines=false

Environment Variables:
PATH=C:\Program Files\Common Files\Oracle\Java\javapath;C:\Program Files\Python37\Scripts\;C:\Program Files\Python37\;C:\Program Files (x86)\Common Files\Intel\Shared Libraries\redist\intel64\compiler;C:\Program Files\Java\jdk-16.0.1\bin;"C:\Program Files\nodejs;";"C:\python\Lib;";C:\Program Files\Git\cmd;"C:\Program Files\mingw-w64\x86_64-8.1.0-posix-seh-rt_v6-rev0\mingw64\bin;";"C:\Program Files\mingw-w64;";"C:\Program Files\mingw-w64\x86_64-8.1.0-posix-seh-rt_v6-rev0\mingw64;";"C:\flutter\bin;";"C:\flutter\bin\mingit\etc;";C:\Program Files\NVIDIA Corporation\NVIDIA NvDLISR;C:\Program Files\apache-maven-3.8.5\bin;D:\kafks\kafka\kafka_2.13-2.7.0\bin\windows;C:\Windows\SysWOW64\wbem;C:\Program Files\Java\jre1.8.0_333\bin;C:\Program Files\Java\jdk1.8.0_333\bin;C:\Program Files\Git\git-bash.exe;C:\OpenSSH-Win32;C:\Program Files\Amazon\AWSCLIV2\;C:\Program Files\MongoDB\Server\5.0\bin;C:\Program Files\MySQL\MySQL Server 8.0\bin;C:\gradle-6.9.3\bin;C:\Program Files\Docker\Docker\resources\bin;C:\Program Files\nodejs\;C:\Program Files\Erlang OTP\bin;C:\Program Files (x86)\Elixir\bin;C:\WINDOWS\system32\config\systemprofile\.mix\escripts;C:\python\Scripts\;C:\python\;C:\Program Files\Java\jdk-16.0.1\bin;C:\Program Files\nodejs;"C:\python\Lib;";C:\Program Files\Git\;"C:\Program Files\mingw-w64\x86_64-8.1.0-posix-seh-rt_v6-rev0\mingw64\bin;";"C:\Program Files\mingw-w64;";"C:\Program Files\mingw-w64\x86_64-8.1.0-posix-seh-rt_v6-rev0\mingw64;";"C:\flutter\bin;";"C:\flutter\bin\mingit\etc;";"C:\flutter\bin;";C:\Program Files\apache-maven-3.8.5\bin;C:\Program Files (x86)\Brackets\;C:\Users\manideep and yash\AppData\Local\Programs\Microsoft VS Code\bin;D:\kafks\kafka\kafka_2.13-2.7.0\bin\windows;C:\Windows\SysWOW64\wbem;C:\WINDOWS\System32\Wbem;C:\WINDOWS\System32\;SystemRoot%;C:\Program Files\Java\jre1.8.0_333\bin;C:\Program Files\Java\jdk1.8.0_333\bin;C:\Program Files\Git\git-bash.exe;C:\OpenSSH-Win32;C:\Program Files\MongoDB\Server\5.0\bin;C:\Program Files\MySQL\MySQL Server 8.0\bin;C:\gradle-6.9.3\bin;;C:\Users\manideep and yash\AppData\Local\Programs\Microsoft VS Code Insiders\bin;C:\Users\manideep and yash\AppData\Roaming\npm
USERNAME=manideep and yash
OS=Windows_NT
PROCESSOR_IDENTIFIER=Intel64 Family 6 Model 158 Stepping 10, GenuineIntel



---------------  S Y S T E M  ---------------

OS:
 Windows 10 , 64 bit Build 19041 (10.0.19041.2913)
OS uptime: 0 days 0:31 hours
Hyper-V role detected

CPU: total 8 (initial active 8) (4 cores per cpu, 2 threads per core) family 6 model 158 stepping 10 microcode 0xb4, cx8, cmov, fxsr, ht, mmx, 3dnowpref, sse, sse2, sse3, ssse3, sse4.1, sse4.2, popcnt, lzcnt, tsc, tscinvbit, avx, avx2, aes, erms, clmul, bmi1, bmi2, adx, fma, vzeroupper, clflush, clflushopt, hv

Memory: 4k page, system-wide physical 8029M (470M free)
TotalPageFile size 16426M (AvailPageFile size 47M)
current process WorkingSet (physical memory assigned to process): 263M, peak: 264M
current process commit charge ("private bytes"): 331M, peak: 334M

vm_info: Java HotSpot(TM) 64-Bit Server VM (18.0.1.1+2-6) for windows-amd64 JRE (18.0.1.1+2-6), built on Apr 25 2022 21:53:15 by "mach5one" with MS VC++ 16.8 / 16.9 (VS2019)

END.
