#
# There is insufficient memory for the Java Runtime Environment to continue.
# Native memory allocation (mmap) failed to map 132120576 bytes for G1 virtual space
# Possible reasons:
#   The system is out of physical RAM or swap space
#   The process is running with CompressedOops enabled, and the Java Heap may be blocking the growth of the native heap
# Possible solutions:
#   Reduce memory load on the system
#   Increase physical memory or swap space
#   Check if swap backing store is full
#   Decrease Java heap size (-Xmx/-Xms)
#   Decrease number of Java threads
#   Decrease Java thread stack sizes (-Xss)
#   Set larger code cache with -XX:ReservedCodeCacheSize=
#   JVM is running with Unscaled Compressed Oops mode in which the Java heap is
#     placed in the first 4GB address space. The Java Heap base address is the
#     maximum limit for the native heap growth. Please use -XX:HeapBaseMinAddress
#     to set the Java Heap base and to place the Java Heap above 4GB virtual address.
# This output file may be truncated or incomplete.
#
#  Out of Memory Error (os_windows.cpp:3530), pid=7404, tid=14164
#
# JRE version:  (18.0.1.1+2) (build )
# Java VM: Java HotSpot(TM) 64-Bit Server VM (18.0.1.1+2-6, mixed mode, sharing, tiered, compressed oops, compressed class ptrs, g1 gc, windows-amd64)
# No core dump will be written. Minidumps are not enabled by default on client versions of Windows
#

---------------  S U M M A R Y ------------

Command Line: C:\Users\MANIDE~1\AppData\Local\Temp\surefire11513536599582494804\surefirebooter6692962195790926875.jar C:\Users\manideep and yash\AppData\Local\Temp\surefire11513536599582494804 2023-06-14T06-48-30_624-jvmRun1 surefire2946304149117736259tmp surefire_015845722799466204135tmp

Host: Intel(R) Core(TM) i5-9300H CPU @ 2.40GHz, 8 cores, 7G,  Windows 10 , 64 bit Build 19041 (10.0.19041.2913)
Time: Wed Jun 14 06:48:31 2023 India Standard Time elapsed time: 0.021170 seconds (0d 0h 0m 0s)

---------------  T H R E A D  ---------------

Current thread (0x0000019d98ce4450):  JavaThread "Unknown thread" [_thread_in_vm, id=14164, stack(0x0000003f31a00000,0x0000003f31b00000)]

Stack: [0x0000003f31a00000,0x0000003f31b00000]
Native frames: (J=compiled Java code, j=interpreted, Vv=VM code, C=native code)
V  [jvm.dll+0x69887a]
V  [jvm.dll+0x7f38bd]
V  [jvm.dll+0x7f51ce]
V  [jvm.dll+0x7f5883]
V  [jvm.dll+0x25ca3f]
V  [jvm.dll+0x6957c9]
V  [jvm.dll+0x68a2fa]
V  [jvm.dll+0x321efb]
V  [jvm.dll+0x3298d6]
V  [jvm.dll+0x37e47e]
V  [jvm.dll+0x37e6af]
V  [jvm.dll+0x2f9c7a]
V  [jvm.dll+0x2facdd]
V  [jvm.dll+0x7c24f0]
V  [jvm.dll+0x38b801]
V  [jvm.dll+0x7a1203]
V  [jvm.dll+0x40d6bf]
V  [jvm.dll+0x40f091]
C  [jli.dll+0x526b]
C  [ucrtbase.dll+0x21bb2]
C  [KERNEL32.DLL+0x17614]
C  [ntdll.dll+0x526a1]


---------------  P R O C E S S  ---------------

Threads class SMR info:
_java_thread_list=0x00007fff2de3d550, length=0, elements={
}

Java Threads: ( => current thread )

Other Threads:
  0x0000019d98d446e0 WorkerThread "GC Thread#0" [stack: 0x0000003f31b00000,0x0000003f31c00000] [id=18160]
  0x0000019d98d56030 ConcurrentGCThread "G1 Main Marker" [stack: 0x0000003f31c00000,0x0000003f31d00000] [id=17540]
  0x0000019d98d570d0 WorkerThread "G1 Conc#0" [stack: 0x0000003f31d00000,0x0000003f31e00000] [id=7456]

[error occurred during error reporting (printing all threads), id 0xc0000005, EXCEPTION_ACCESS_VIOLATION (0xc0000005) at pc=0x00007fff2d66a217]

VM state: not at safepoint (not fully initialized)

VM Mutex/Monitor currently owned by a thread:  ([mutex/lock_event])
[0x0000019d98ce0490] Heap_lock - owner thread: 0x0000019d98ce4450

Heap address: 0x0000000082800000, size: 2008 MB, Compressed Oops mode: 32-bit

CDS archive(s) mapped at: [0x0000000000000000-0x0000000000000000-0x0000000000000000), size 0, SharedBaseAddress: 0x0000000800000000, ArchiveRelocationMode: 0.
Narrow klass base: 0x0000000000000000, Narrow klass shift: 0, Narrow klass range: 0x0

GC Precious Log:
 CardTable entry size: 512
 Card Set container configuration: InlinePtr #cards 5 size 8 Array Of Cards #cards 12 size 40 Howl #buckets 4 coarsen threshold 1843 Howl Bitmap #cards 512 size 80 coarsen threshold 460 Card regions per heap region 1 cards per card region 2048

Heap:
 garbage-first heap   total 0K, used 0K [0x0000000082800000, 0x0000000100000000)
  region size 1024K, 0 young (0K), 0 survivors (0K)

[error occurred during error reporting (printing heap information), id 0xc0000005, EXCEPTION_ACCESS_VIOLATION (0xc0000005) at pc=0x00007fff2da50cb9]

GC Heap History (0 events):
No events

Deoptimization events (0 events):
No events

Classes loaded (0 events):
No events

Classes unloaded (0 events):
No events

Classes redefined (0 events):
No events

Internal exceptions (0 events):
No events

VM Operations (0 events):
No events

Events (1 events):
Event: 0.013 Loaded shared library C:\Program Files\Java\jdk-18.0.1.1\bin\java.dll


Dynamic libraries:
0x00007ff6bfd50000 - 0x00007ff6bfd60000 	C:\Program Files\Java\jdk-18.0.1.1\bin\java.exe
0x00007fffc6850000 - 0x00007fffc6a48000 	C:\WINDOWS\SYSTEM32\ntdll.dll
0x00007fffc5170000 - 0x00007fffc522f000 	C:\WINDOWS\System32\KERNEL32.DLL
0x00007fffc3f30000 - 0x00007fffc4226000 	C:\WINDOWS\System32\KERNELBASE.dll
0x00007fffc4650000 - 0x00007fffc4750000 	C:\WINDOWS\System32\ucrtbase.dll
0x00007fffb1750000 - 0x00007fffb1768000 	C:\Program Files\Java\jdk-18.0.1.1\bin\jli.dll
0x00007fffbc4c0000 - 0x00007fffbc4da000 	C:\Program Files\Java\jdk-18.0.1.1\bin\VCRUNTIME140.dll
0x00007fffc5b20000 - 0x00007fffc5bcf000 	C:\WINDOWS\System32\ADVAPI32.dll
0x00007fffc5710000 - 0x00007fffc57ae000 	C:\WINDOWS\System32\msvcrt.dll
0x00007fffc5610000 - 0x00007fffc56ac000 	C:\WINDOWS\System32\sechost.dll
0x00007fffc64e0000 - 0x00007fffc6606000 	C:\WINDOWS\System32\RPCRT4.dll
0x00007fffc5380000 - 0x00007fffc551d000 	C:\WINDOWS\System32\USER32.dll
0x00007fffc4750000 - 0x00007fffc4772000 	C:\WINDOWS\System32\win32u.dll
0x00007fffc5230000 - 0x00007fffc525c000 	C:\WINDOWS\System32\GDI32.dll
0x00007fffa2600000 - 0x00007fffa289a000 	C:\WINDOWS\WinSxS\amd64_microsoft.windows.common-controls_6595b64144ccf1df_6.0.19041.1110_none_60b5254171f9507e\COMCTL32.dll
0x00007fffc43d0000 - 0x00007fffc44e5000 	C:\WINDOWS\System32\gdi32full.dll
0x00007fffc4330000 - 0x00007fffc43cd000 	C:\WINDOWS\System32\msvcp_win.dll
0x00007fffba5f0000 - 0x00007fffba5fa000 	C:\WINDOWS\SYSTEM32\VERSION.dll
0x00007fffc4940000 - 0x00007fffc4970000 	C:\WINDOWS\System32\IMM32.DLL
0x00007fffbc490000 - 0x00007fffbc49c000 	C:\Program Files\Java\jdk-18.0.1.1\bin\vcruntime140_1.dll
0x00007fff738b0000 - 0x00007fff7393d000 	C:\Program Files\Java\jdk-18.0.1.1\bin\msvcp140.dll
0x00007fff2d360000 - 0x00007fff2df70000 	C:\Program Files\Java\jdk-18.0.1.1\bin\server\jvm.dll
0x00007fffc4930000 - 0x00007fffc4938000 	C:\WINDOWS\System32\PSAPI.DLL
0x00007fffacbf0000 - 0x00007fffacc17000 	C:\WINDOWS\SYSTEM32\WINMM.dll
0x00007fffa7330000 - 0x00007fffa7339000 	C:\WINDOWS\SYSTEM32\WSOCK32.dll
0x00007fffc5bd0000 - 0x00007fffc5c3b000 	C:\WINDOWS\System32\WS2_32.dll
0x00007fffc2790000 - 0x00007fffc27a2000 	C:\WINDOWS\SYSTEM32\kernel.appcore.dll
0x00007fffb9350000 - 0x00007fffb935a000 	C:\Program Files\Java\jdk-18.0.1.1\bin\jimage.dll
0x00007fffbf400000 - 0x00007fffbf5e4000 	C:\WINDOWS\SYSTEM32\DBGHELP.DLL
0x00007fffaac20000 - 0x00007fffaac54000 	C:\WINDOWS\SYSTEM32\dbgcore.DLL
0x00007fffc4780000 - 0x00007fffc4802000 	C:\WINDOWS\System32\bcryptPrimitives.dll
0x00007fff7cfa0000 - 0x00007fff7cfc5000 	C:\Program Files\Java\jdk-18.0.1.1\bin\java.dll

dbghelp: loaded successfully - version: 4.0.5 - missing functions: none
symbol engine: initialized successfully - sym options: 0x614 - pdb path: .;C:\Program Files\Java\jdk-18.0.1.1\bin;C:\WINDOWS\SYSTEM32;C:\WINDOWS\WinSxS\amd64_microsoft.windows.common-controls_6595b64144ccf1df_6.0.19041.1110_none_60b5254171f9507e;C:\Program Files\Java\jdk-18.0.1.1\bin\server

VM Arguments:
java_command: C:\Users\MANIDE~1\AppData\Local\Temp\surefire11513536599582494804\surefirebooter6692962195790926875.jar C:\Users\manideep and yash\AppData\Local\Temp\surefire11513536599582494804 2023-06-14T06-48-30_624-jvmRun1 surefire2946304149117736259tmp surefire_015845722799466204135tmp
java_class_path (initial): C:\Users\MANIDE~1\AppData\Local\Temp\surefire11513536599582494804\surefirebooter6692962195790926875.jar
Launcher Type: SUN_STANDARD

[Global flags]
     intx CICompilerCount                          = 4                                         {product} {ergonomic}
     uint ConcGCThreads                            = 2                                         {product} {ergonomic}
     uint G1ConcRefinementThreads                  = 8                                         {product} {ergonomic}
   size_t G1HeapRegionSize                         = 1048576                                   {product} {ergonomic}
    uintx GCDrainStackTargetSize                   = 64                                        {product} {ergonomic}
   size_t InitialHeapSize                          = 132120576                                 {product} {ergonomic}
   size_t MarkStackSize                            = 4194304                                   {product} {ergonomic}
   size_t MaxHeapSize                              = 2105540608                                {product} {ergonomic}
   size_t MinHeapDeltaBytes                        = 1048576                                   {product} {ergonomic}
   size_t MinHeapSize                              = 8388608                                   {product} {ergonomic}
    uintx NonNMethodCodeHeapSize                   = 5839372                                {pd product} {ergonomic}
    uintx NonProfiledCodeHeapSize                  = 122909434                              {pd product} {ergonomic}
    uintx ProfiledCodeHeapSize                     = 122909434                              {pd product} {ergonomic}
    uintx ReservedCodeCacheSize                    = 251658240                              {pd product} {ergonomic}
     bool SegmentedCodeCache                       = true                                      {product} {ergonomic}
   size_t SoftMaxHeapSize                          = 2105540608                             {manageable} {ergonomic}
     bool UseCompressedClassPointers               = true                           {product lp64_product} {ergonomic}
     bool UseCompressedOops                        = true                           {product lp64_product} {ergonomic}
     bool UseG1GC                                  = true                                      {product} {ergonomic}
     bool UseLargePagesIndividualAllocation        = false                                  {pd product} {ergonomic}

Logging:
Log output configuration:
 #0: stdout all=warning uptime,level,tags foldmultilines=false
 #1: stderr all=off uptime,level,tags foldmultilines=false

Environment Variables:
PATH=C:\Program Files\Common Files\Oracle\Java\javapath;C:\Program Files\Python37\Scripts\;C:\Program Files\Python37\;C:\Program Files (x86)\Common Files\Intel\Shared Libraries\redist\intel64\compiler;C:\Program Files\Java\jdk-16.0.1\bin;"C:\Program Files\nodejs;";"C:\python\Lib;";C:\Program Files\Git\cmd;"C:\Program Files\mingw-w64\x86_64-8.1.0-posix-seh-rt_v6-rev0\mingw64\bin;";"C:\Program Files\mingw-w64;";"C:\Program Files\mingw-w64\x86_64-8.1.0-posix-seh-rt_v6-rev0\mingw64;";"C:\flutter\bin;";"C:\flutter\bin\mingit\etc;";C:\Program Files\NVIDIA Corporation\NVIDIA NvDLISR;C:\Program Files\apache-maven-3.8.5\bin;D:\kafks\kafka\kafka_2.13-2.7.0\bin\windows;C:\Windows\SysWOW64\wbem;C:\Program Files\Java\jre1.8.0_333\bin;C:\Program Files\Java\jdk1.8.0_333\bin;C:\Program Files\Git\git-bash.exe;C:\OpenSSH-Win32;C:\Program Files\Amazon\AWSCLIV2\;C:\Program Files\MongoDB\Server\5.0\bin;C:\Program Files\MySQL\MySQL Server 8.0\bin;C:\gradle-6.9.3\bin;C:\Program Files\Docker\Docker\resources\bin;C:\Program Files\nodejs\;C:\Program Files\Erlang OTP\bin;C:\Program Files (x86)\Elixir\bin;C:\WINDOWS\system32\config\systemprofile\.mix\escripts;C:\python\Scripts\;C:\python\;C:\Program Files\Java\jdk-16.0.1\bin;C:\Program Files\nodejs;"C:\python\Lib;";C:\Program Files\Git\;"C:\Program Files\mingw-w64\x86_64-8.1.0-posix-seh-rt_v6-rev0\mingw64\bin;";"C:\Program Files\mingw-w64;";"C:\Program Files\mingw-w64\x86_64-8.1.0-posix-seh-rt_v6-rev0\mingw64;";"C:\flutter\bin;";"C:\flutter\bin\mingit\etc;";"C:\flutter\bin;";C:\Program Files\apache-maven-3.8.5\bin;C:\Program Files (x86)\Brackets\;C:\Users\manideep and yash\AppData\Local\Programs\Microsoft VS Code\bin;D:\kafks\kafka\kafka_2.13-2.7.0\bin\windows;C:\Windows\SysWOW64\wbem;C:\WINDOWS\System32\Wbem;C:\WINDOWS\System32\;SystemRoot%;C:\Program Files\Java\jre1.8.0_333\bin;C:\Program Files\Java\jdk1.8.0_333\bin;C:\Program Files\Git\git-bash.exe;C:\OpenSSH-Win32;C:\Program Files\MongoDB\Server\5.0\bin;C:\Program Files\MySQL\MySQL Server 8.0\bin;C:\gradle-6.9.3\bin;;C:\Users\manideep and yash\AppData\Local\Programs\Microsoft VS Code Insiders\bin;C:\Users\manideep and yash\AppData\Roaming\npm
USERNAME=manideep and yash
OS=Windows_NT
PROCESSOR_IDENTIFIER=Intel64 Family 6 Model 158 Stepping 10, GenuineIntel



---------------  S Y S T E M  ---------------

OS:
 Windows 10 , 64 bit Build 19041 (10.0.19041.2913)
OS uptime: 0 days 0:29 hours
Hyper-V role detected

CPU: total 8 (initial active 8) (4 cores per cpu, 2 threads per core) family 6 model 158 stepping 10 microcode 0xb4, cx8, cmov, fxsr, ht, mmx, 3dnowpref, sse, sse2, sse3, ssse3, sse4.1, sse4.2, popcnt, lzcnt, tsc, tscinvbit, avx, avx2, aes, erms, clmul, bmi1, bmi2, adx, fma, vzeroupper, clflush, clflushopt, hv

Memory: 4k page, system-wide physical 8029M (354M free)
TotalPageFile size 16426M (AvailPageFile size 58M)
current process WorkingSet (physical memory assigned to process): 10M, peak: 10M
current process commit charge ("private bytes"): 60M, peak: 186M

vm_info: Java HotSpot(TM) 64-Bit Server VM (18.0.1.1+2-6) for windows-amd64 JRE (18.0.1.1+2-6), built on Apr 25 2022 21:53:15 by "mach5one" with MS VC++ 16.8 / 16.9 (VS2019)

END.
